    Finished `bench` profile [optimized + debuginfo] target(s) in 0.02s
     Running benches/micro.rs (target/release/deps/micro-d7a00c2c1f67c90c)
Benchmarking insert_only/orig/skew0.6/100
Benchmarking insert_only/orig/skew0.6/100: Warming up for 500.00 ms
Benchmarking insert_only/orig/skew0.6/100: Collecting 20 samples in estimated 3.0153 s (80 iterations)
Benchmarking insert_only/orig/skew0.6/100: Analyzing
insert_only/orig/skew0.6/100
                        time:   [37.378 ms 37.601 ms 37.809 ms]
                        thrpt:  [26.449 Melem/s 26.595 Melem/s 26.754 Melem/s]
                 change:
                        time:   [+0.0150% +1.1318% +2.1663%] (p = 0.05 < 0.05)
                        thrpt:  [−2.1204% −1.1192% −0.0150%]
                        Change within noise threshold.
Benchmarking insert_only/v3/skew0.6/100
Benchmarking insert_only/v3/skew0.6/100: Warming up for 500.00 ms
Benchmarking insert_only/v3/skew0.6/100: Collecting 20 samples in estimated 3.7707 s (80 iterations)
Benchmarking insert_only/v3/skew0.6/100: Analyzing
insert_only/v3/skew0.6/100
                        time:   [48.230 ms 48.706 ms 49.194 ms]
                        thrpt:  [20.328 Melem/s 20.531 Melem/s 20.734 Melem/s]
                 change:
                        time:   [−5.1525% −3.9312% −2.7461%] (p = 0.00 < 0.05)
                        thrpt:  [+2.8236% +4.0920% +5.4324%]
                        Performance has improved.
Benchmarking insert_only/j3/skew0.6/100
Benchmarking insert_only/j3/skew0.6/100: Warming up for 500.00 ms

Warning: Unable to complete 20 samples in 3.0s. You may wish to increase target time to 5.8s, enable flat sampling, or reduce sample count to 10.
Benchmarking insert_only/j3/skew0.6/100: Collecting 20 samples in estimated 5.7701 s (210 iterations)
Benchmarking insert_only/j3/skew0.6/100: Analyzing
insert_only/j3/skew0.6/100
                        time:   [26.841 ms 27.059 ms 27.365 ms]
                        thrpt:  [36.543 Melem/s 36.956 Melem/s 37.256 Melem/s]
                 change:
                        time:   [+6.7007% +7.9516% +9.3230%] (p = 0.00 < 0.05)
                        thrpt:  [−8.5279% −7.3659% −6.2799%]
                        Performance has regressed.
Benchmarking insert_only/orig/skew0.6/1000
Benchmarking insert_only/orig/skew0.6/1000: Warming up for 500.00 ms
Benchmarking insert_only/orig/skew0.6/1000: Collecting 20 samples in estimated 3.3617 s (80 iterations)
Benchmarking insert_only/orig/skew0.6/1000: Analyzing
insert_only/orig/skew0.6/1000
                        time:   [41.555 ms 41.774 ms 42.000 ms]
                        thrpt:  [23.810 Melem/s 23.939 Melem/s 24.065 Melem/s]
                 change:
                        time:   [+5.0409% +5.9197% +6.8041%] (p = 0.00 < 0.05)
                        thrpt:  [−6.3707% −5.5888% −4.7990%]
                        Performance has regressed.
Benchmarking insert_only/v3/skew0.6/1000
Benchmarking insert_only/v3/skew0.6/1000: Warming up for 500.00 ms
Benchmarking insert_only/v3/skew0.6/1000: Collecting 20 samples in estimated 3.0778 s (60 iterations)
Benchmarking insert_only/v3/skew0.6/1000: Analyzing
insert_only/v3/skew0.6/1000
                        time:   [50.772 ms 51.188 ms 51.626 ms]
                        thrpt:  [19.370 Melem/s 19.536 Melem/s 19.696 Melem/s]
                 change:
                        time:   [+0.4663% +1.4643% +2.4844%] (p = 0.01 < 0.05)
                        thrpt:  [−2.4241% −1.4432% −0.4641%]
                        Change within noise threshold.
Found 2 outliers among 20 measurements (10.00%)
  2 (10.00%) high mild
Benchmarking insert_only/j3/skew0.6/1000
Benchmarking insert_only/j3/skew0.6/1000: Warming up for 500.00 ms
Benchmarking insert_only/j3/skew0.6/1000: Collecting 20 samples in estimated 4.4189 s (60 iterations)
Benchmarking insert_only/j3/skew0.6/1000: Analyzing
insert_only/j3/skew0.6/1000
                        time:   [72.462 ms 72.844 ms 73.221 ms]
                        thrpt:  [13.657 Melem/s 13.728 Melem/s 13.800 Melem/s]
                 change:
                        time:   [−0.7941% +0.2778% +1.4040%] (p = 0.63 > 0.05)
                        thrpt:  [−1.3846% −0.2770% +0.8005%]
                        No change in performance detected.
Found 3 outliers among 20 measurements (15.00%)
  2 (10.00%) low mild
  1 (5.00%) high mild
Benchmarking insert_only/orig/skew0.6/10000
Benchmarking insert_only/orig/skew0.6/10000: Warming up for 500.00 ms
Benchmarking insert_only/orig/skew0.6/10000: Collecting 20 samples in estimated 3.6441 s (100 iterations)
Benchmarking insert_only/orig/skew0.6/10000: Analyzing
insert_only/orig/skew0.6/10000
                        time:   [36.061 ms 36.318 ms 36.592 ms]
                        thrpt:  [27.328 Melem/s 27.535 Melem/s 27.731 Melem/s]
                 change:
                        time:   [+3.7967% +5.0233% +6.3054%] (p = 0.00 < 0.05)
                        thrpt:  [−5.9314% −4.7831% −3.6579%]
                        Performance has regressed.
Found 1 outliers among 20 measurements (5.00%)
  1 (5.00%) high mild
Benchmarking insert_only/v3/skew0.6/10000
Benchmarking insert_only/v3/skew0.6/10000: Warming up for 500.00 ms
Benchmarking insert_only/v3/skew0.6/10000: Collecting 20 samples in estimated 3.4541 s (80 iterations)
Benchmarking insert_only/v3/skew0.6/10000: Analyzing
insert_only/v3/skew0.6/10000
                        time:   [43.405 ms 43.687 ms 43.991 ms]
                        thrpt:  [22.732 Melem/s 22.890 Melem/s 23.039 Melem/s]
                 change:
                        time:   [−3.0750% −2.2254% −1.3189%] (p = 0.00 < 0.05)
                        thrpt:  [+1.3365% +2.2761% +3.1725%]
                        Performance has improved.
Benchmarking insert_only/j3/skew0.6/10000
Benchmarking insert_only/j3/skew0.6/10000: Warming up for 500.00 ms

Warning: Unable to complete 20 samples in 3.0s. You may wish to increase target time to 10.9s, or reduce sample count to 10.
Benchmarking insert_only/j3/skew0.6/10000: Collecting 20 samples in estimated 10.853 s (20 iterations)
Benchmarking insert_only/j3/skew0.6/10000: Analyzing
insert_only/j3/skew0.6/10000
                        time:   [526.49 ms 533.02 ms 539.51 ms]
                        thrpt:  [1.8535 Melem/s 1.8761 Melem/s 1.8994 Melem/s]
                 change:
                        time:   [−19.760% −18.736% −17.618%] (p = 0.00 < 0.05)
                        thrpt:  [+21.386% +23.056% +24.626%]
                        Performance has improved.
Benchmarking insert_only/orig/skew0.8/100
Benchmarking insert_only/orig/skew0.8/100: Warming up for 500.00 ms
Benchmarking insert_only/orig/skew0.8/100: Collecting 20 samples in estimated 3.4866 s (100 iterations)
Benchmarking insert_only/orig/skew0.8/100: Analyzing
insert_only/orig/skew0.8/100
                        time:   [34.773 ms 35.414 ms 36.069 ms]
                        thrpt:  [27.725 Melem/s 28.237 Melem/s 28.758 Melem/s]
                 change:
                        time:   [−3.0884% −0.9668% +0.8906%] (p = 0.34 > 0.05)
                        thrpt:  [−0.8828% +0.9763% +3.1869%]
                        No change in performance detected.
Benchmarking insert_only/v3/skew0.8/100
Benchmarking insert_only/v3/skew0.8/100: Warming up for 500.00 ms
Benchmarking insert_only/v3/skew0.8/100: Collecting 20 samples in estimated 3.6474 s (80 iterations)
Benchmarking insert_only/v3/skew0.8/100: Analyzing
insert_only/v3/skew0.8/100
                        time:   [45.660 ms 45.855 ms 46.031 ms]
                        thrpt:  [21.725 Melem/s 21.808 Melem/s 21.901 Melem/s]
                 change:
                        time:   [−4.5569% −3.8808% −3.1952%] (p = 0.00 < 0.05)
                        thrpt:  [+3.3007% +4.0375% +4.7744%]
                        Performance has improved.
Found 1 outliers among 20 measurements (5.00%)
  1 (5.00%) low mild
Benchmarking insert_only/j3/skew0.8/100
Benchmarking insert_only/j3/skew0.8/100: Warming up for 500.00 ms

Warning: Unable to complete 20 samples in 3.0s. You may wish to increase target time to 5.7s, enable flat sampling, or reduce sample count to 10.
Benchmarking insert_only/j3/skew0.8/100: Collecting 20 samples in estimated 5.7376 s (210 iterations)
Benchmarking insert_only/j3/skew0.8/100: Analyzing
insert_only/j3/skew0.8/100
                        time:   [27.523 ms 27.613 ms 27.708 ms]
                        thrpt:  [36.091 Melem/s 36.215 Melem/s 36.334 Melem/s]
                 change:
                        time:   [+0.6119% +1.4060% +2.1933%] (p = 0.00 < 0.05)
                        thrpt:  [−2.1462% −1.3865% −0.6082%]
                        Change within noise threshold.
Found 1 outliers among 20 measurements (5.00%)
  1 (5.00%) high mild
Benchmarking insert_only/orig/skew0.8/1000
Benchmarking insert_only/orig/skew0.8/1000: Warming up for 500.00 ms
Benchmarking insert_only/orig/skew0.8/1000: Collecting 20 samples in estimated 3.3506 s (100 iterations)
Benchmarking insert_only/orig/skew0.8/1000: Analyzing
insert_only/orig/skew0.8/1000
                        time:   [33.167 ms 33.316 ms 33.460 ms]
                        thrpt:  [29.886 Melem/s 30.015 Melem/s 30.150 Melem/s]
                 change:
                        time:   [+3.6640% +4.5336% +5.4144%] (p = 0.00 < 0.05)
                        thrpt:  [−5.1363% −4.3370% −3.5345%]
                        Performance has regressed.
Benchmarking insert_only/v3/skew0.8/1000
Benchmarking insert_only/v3/skew0.8/1000: Warming up for 500.00 ms
Benchmarking insert_only/v3/skew0.8/1000: Collecting 20 samples in estimated 3.2324 s (80 iterations)
Benchmarking insert_only/v3/skew0.8/1000: Analyzing
insert_only/v3/skew0.8/1000
                        time:   [40.197 ms 40.357 ms 40.535 ms]
                        thrpt:  [24.670 Melem/s 24.779 Melem/s 24.877 Melem/s]
                 change:
                        time:   [−1.8628% −1.2798% −0.6219%] (p = 0.00 < 0.05)
                        thrpt:  [+0.6258% +1.2964% +1.8982%]
                        Change within noise threshold.
Found 1 outliers among 20 measurements (5.00%)
  1 (5.00%) high severe
Benchmarking insert_only/j3/skew0.8/1000
Benchmarking insert_only/j3/skew0.8/1000: Warming up for 500.00 ms
Benchmarking insert_only/j3/skew0.8/1000: Collecting 20 samples in estimated 4.0014 s (60 iterations)
Benchmarking insert_only/j3/skew0.8/1000: Analyzing
insert_only/j3/skew0.8/1000
                        time:   [66.052 ms 66.407 ms 66.765 ms]
                        thrpt:  [14.978 Melem/s 15.059 Melem/s 15.139 Melem/s]
                 change:
                        time:   [−0.5987% +0.2857% +1.1440%] (p = 0.54 > 0.05)
                        thrpt:  [−1.1310% −0.2849% +0.6023%]
                        No change in performance detected.
Found 2 outliers among 20 measurements (10.00%)
  1 (5.00%) low mild
  1 (5.00%) high mild
Benchmarking insert_only/orig/skew0.8/10000
Benchmarking insert_only/orig/skew0.8/10000: Warming up for 500.00 ms
Benchmarking insert_only/orig/skew0.8/10000: Collecting 20 samples in estimated 3.1229 s (100 iterations)
Benchmarking insert_only/orig/skew0.8/10000: Analyzing
insert_only/orig/skew0.8/10000
                        time:   [30.921 ms 31.206 ms 31.471 ms]
                        thrpt:  [31.775 Melem/s 32.045 Melem/s 32.340 Melem/s]
                 change:
                        time:   [+5.5464% +6.7492% +7.9751%] (p = 0.00 < 0.05)
                        thrpt:  [−7.3861% −6.3225% −5.2550%]
                        Performance has regressed.
Benchmarking insert_only/v3/skew0.8/10000
Benchmarking insert_only/v3/skew0.8/10000: Warming up for 500.00 ms
Benchmarking insert_only/v3/skew0.8/10000: Collecting 20 samples in estimated 3.6303 s (100 iterations)
Benchmarking insert_only/v3/skew0.8/10000: Analyzing
insert_only/v3/skew0.8/10000
                        time:   [36.012 ms 36.163 ms 36.306 ms]
                        thrpt:  [27.543 Melem/s 27.653 Melem/s 27.769 Melem/s]
                 change:
                        time:   [−1.2326% −0.5315% +0.1234%] (p = 0.15 > 0.05)
                        thrpt:  [−0.1232% +0.5344% +1.2480%]
                        No change in performance detected.
Benchmarking insert_only/j3/skew0.8/10000
Benchmarking insert_only/j3/skew0.8/10000: Warming up for 500.00 ms

Warning: Unable to complete 20 samples in 3.0s. You may wish to increase target time to 8.3s, or reduce sample count to 10.
Benchmarking insert_only/j3/skew0.8/10000: Collecting 20 samples in estimated 8.2808 s (20 iterations)
Benchmarking insert_only/j3/skew0.8/10000: Analyzing
insert_only/j3/skew0.8/10000
                        time:   [419.80 ms 421.53 ms 423.24 ms]
                        thrpt:  [2.3627 Melem/s 2.3723 Melem/s 2.3821 Melem/s]
                 change:
                        time:   [−18.904% −18.169% −17.413%] (p = 0.00 < 0.05)
                        thrpt:  [+21.085% +22.204% +23.310%]
                        Performance has improved.
Benchmarking insert_only/orig/skew1/100
Benchmarking insert_only/orig/skew1/100: Warming up for 500.00 ms
Benchmarking insert_only/orig/skew1/100: Collecting 20 samples in estimated 3.2461 s (100 iterations)
Benchmarking insert_only/orig/skew1/100: Analyzing
insert_only/orig/skew1/100
                        time:   [32.029 ms 32.099 ms 32.164 ms]
                        thrpt:  [31.090 Melem/s 31.153 Melem/s 31.222 Melem/s]
                 change:
                        time:   [+4.8318% +5.4491% +6.0724%] (p = 0.00 < 0.05)
                        thrpt:  [−5.7247% −5.1676% −4.6091%]
                        Performance has regressed.
Found 1 outliers among 20 measurements (5.00%)
  1 (5.00%) low mild
Benchmarking insert_only/v3/skew1/100
Benchmarking insert_only/v3/skew1/100: Warming up for 500.00 ms
Benchmarking insert_only/v3/skew1/100: Collecting 20 samples in estimated 3.1144 s (80 iterations)
Benchmarking insert_only/v3/skew1/100: Analyzing
insert_only/v3/skew1/100
                        time:   [38.862 ms 38.981 ms 39.106 ms]
                        thrpt:  [25.572 Melem/s 25.653 Melem/s 25.732 Melem/s]
                 change:
                        time:   [−2.5813% −2.0090% −1.4525%] (p = 0.00 < 0.05)
                        thrpt:  [+1.4739% +2.0502% +2.6497%]
                        Performance has improved.
Benchmarking insert_only/j3/skew1/100
Benchmarking insert_only/j3/skew1/100: Warming up for 500.00 ms

Warning: Unable to complete 20 samples in 3.0s. You may wish to increase target time to 5.8s, enable flat sampling, or reduce sample count to 10.
Benchmarking insert_only/j3/skew1/100: Collecting 20 samples in estimated 5.7930 s (210 iterations)
Benchmarking insert_only/j3/skew1/100: Analyzing
insert_only/j3/skew1/100
                        time:   [26.862 ms 27.180 ms 27.481 ms]
                        thrpt:  [36.388 Melem/s 36.791 Melem/s 37.227 Melem/s]
                 change:
                        time:   [+0.5620% +1.3762% +2.2590%] (p = 0.00 < 0.05)
                        thrpt:  [−2.2091% −1.3575% −0.5588%]
                        Change within noise threshold.
Found 1 outliers among 20 measurements (5.00%)
  1 (5.00%) high mild
Benchmarking insert_only/orig/skew1/1000
Benchmarking insert_only/orig/skew1/1000: Warming up for 500.00 ms

Warning: Unable to complete 20 samples in 3.0s. You may wish to increase target time to 5.3s, enable flat sampling, or reduce sample count to 10.
Benchmarking insert_only/orig/skew1/1000: Collecting 20 samples in estimated 5.3316 s (210 iterations)
Benchmarking insert_only/orig/skew1/1000: Analyzing
insert_only/orig/skew1/1000
                        time:   [25.428 ms 25.585 ms 25.739 ms]
                        thrpt:  [38.851 Melem/s 39.086 Melem/s 39.326 Melem/s]
                 change:
                        time:   [+3.0899% +3.8125% +4.5313%] (p = 0.00 < 0.05)
                        thrpt:  [−4.3349% −3.6725% −2.9972%]
                        Performance has regressed.
Benchmarking insert_only/v3/skew1/1000
Benchmarking insert_only/v3/skew1/1000: Warming up for 500.00 ms
Benchmarking insert_only/v3/skew1/1000: Collecting 20 samples in estimated 3.0898 s (100 iterations)
Benchmarking insert_only/v3/skew1/1000: Analyzing
insert_only/v3/skew1/1000
                        time:   [30.755 ms 30.845 ms 30.947 ms]
                        thrpt:  [32.314 Melem/s 32.420 Melem/s 32.515 Melem/s]
                 change:
                        time:   [+1.1140% +1.6612% +2.2190%] (p = 0.00 < 0.05)
                        thrpt:  [−2.1708% −1.6341% −1.1018%]
                        Performance has regressed.
Found 1 outliers among 20 measurements (5.00%)
  1 (5.00%) high mild
Benchmarking insert_only/j3/skew1/1000
Benchmarking insert_only/j3/skew1/1000: Warming up for 500.00 ms
Benchmarking insert_only/j3/skew1/1000: Collecting 20 samples in estimated 3.2492 s (60 iterations)
Benchmarking insert_only/j3/skew1/1000: Analyzing
insert_only/j3/skew1/1000
                        time:   [55.652 ms 55.958 ms 56.392 ms]
                        thrpt:  [17.733 Melem/s 17.871 Melem/s 17.969 Melem/s]
                 change:
                        time:   [+3.6697% +4.4683% +5.4598%] (p = 0.00 < 0.05)
                        thrpt:  [−5.1771% −4.2772% −3.5398%]
                        Performance has regressed.
Found 1 outliers among 20 measurements (5.00%)
  1 (5.00%) high severe
Benchmarking insert_only/orig/skew1/10000
Benchmarking insert_only/orig/skew1/10000: Warming up for 500.00 ms

Warning: Unable to complete 20 samples in 3.0s. You may wish to increase target time to 4.8s, enable flat sampling, or reduce sample count to 10.
Benchmarking insert_only/orig/skew1/10000: Collecting 20 samples in estimated 4.8338 s (210 iterations)
Benchmarking insert_only/orig/skew1/10000: Analyzing
insert_only/orig/skew1/10000
                        time:   [21.872 ms 22.033 ms 22.156 ms]
                        thrpt:  [45.134 Melem/s 45.385 Melem/s 45.720 Melem/s]
                 change:
                        time:   [+3.1125% +4.3842% +5.8746%] (p = 0.00 < 0.05)
                        thrpt:  [−5.5486% −4.2000% −3.0185%]
                        Performance has regressed.
Found 3 outliers among 20 measurements (15.00%)
  3 (15.00%) high mild
Benchmarking insert_only/v3/skew1/10000
Benchmarking insert_only/v3/skew1/10000: Warming up for 500.00 ms

Warning: Unable to complete 20 samples in 3.0s. You may wish to increase target time to 5.3s, enable flat sampling, or reduce sample count to 10.
Benchmarking insert_only/v3/skew1/10000: Collecting 20 samples in estimated 5.2553 s (210 iterations)
Benchmarking insert_only/v3/skew1/10000: Analyzing
insert_only/v3/skew1/10000
                        time:   [24.998 ms 25.067 ms 25.157 ms]
                        thrpt:  [39.751 Melem/s 39.893 Melem/s 40.003 Melem/s]
                 change:
                        time:   [+1.1143% +1.8189% +2.6826%] (p = 0.00 < 0.05)
                        thrpt:  [−2.6125% −1.7864% −1.1020%]
                        Performance has regressed.
Found 1 outliers among 20 measurements (5.00%)
  1 (5.00%) high severe
Benchmarking insert_only/j3/skew1/10000
Benchmarking insert_only/j3/skew1/10000: Warming up for 500.00 ms

Warning: Unable to complete 20 samples in 3.0s. You may wish to increase target time to 4.8s, or reduce sample count to 10.
Benchmarking insert_only/j3/skew1/10000: Collecting 20 samples in estimated 4.7910 s (20 iterations)
Benchmarking insert_only/j3/skew1/10000: Analyzing
insert_only/j3/skew1/10000
                        time:   [232.99 ms 233.85 ms 234.79 ms]
                        thrpt:  [4.2590 Melem/s 4.2762 Melem/s 4.2920 Melem/s]
                 change:
                        time:   [−19.461% −18.824% −18.233%] (p = 0.00 < 0.05)
                        thrpt:  [+22.299% +23.189% +24.163%]
                        Performance has improved.
Found 1 outliers among 20 measurements (5.00%)
  1 (5.00%) high mild
Benchmarking insert_only/orig/skew1.2/100
Benchmarking insert_only/orig/skew1.2/100: Warming up for 500.00 ms

Warning: Unable to complete 20 samples in 3.0s. You may wish to increase target time to 4.4s, enable flat sampling, or reduce sample count to 10.
Benchmarking insert_only/orig/skew1.2/100: Collecting 20 samples in estimated 4.4236 s (210 iterations)
Benchmarking insert_only/orig/skew1.2/100: Analyzing
insert_only/orig/skew1.2/100
                        time:   [21.926 ms 22.047 ms 22.162 ms]
                        thrpt:  [45.123 Melem/s 45.358 Melem/s 45.607 Melem/s]
                 change:
                        time:   [+1.7480% +2.5197% +3.1778%] (p = 0.00 < 0.05)
                        thrpt:  [−3.0800% −2.4577% −1.7180%]
                        Performance has regressed.
Found 2 outliers among 20 measurements (10.00%)
  2 (10.00%) low mild
Benchmarking insert_only/v3/skew1.2/100
Benchmarking insert_only/v3/skew1.2/100: Warming up for 500.00 ms

Warning: Unable to complete 20 samples in 3.0s. You may wish to increase target time to 5.5s, enable flat sampling, or reduce sample count to 10.
Benchmarking insert_only/v3/skew1.2/100: Collecting 20 samples in estimated 5.5095 s (210 iterations)
Benchmarking insert_only/v3/skew1.2/100: Analyzing
insert_only/v3/skew1.2/100
                        time:   [26.298 ms 26.353 ms 26.407 ms]
                        thrpt:  [37.869 Melem/s 37.946 Melem/s 38.026 Melem/s]
                 change:
                        time:   [−3.7348% −3.0725% −2.4343%] (p = 0.00 < 0.05)
                        thrpt:  [+2.4951% +3.1699% +3.8797%]
                        Performance has improved.
Found 1 outliers among 20 measurements (5.00%)
  1 (5.00%) low mild
Benchmarking insert_only/j3/skew1.2/100
Benchmarking insert_only/j3/skew1.2/100: Warming up for 500.00 ms

Warning: Unable to complete 20 samples in 3.0s. You may wish to increase target time to 4.7s, enable flat sampling, or reduce sample count to 10.
Benchmarking insert_only/j3/skew1.2/100: Collecting 20 samples in estimated 4.6733 s (210 iterations)
Benchmarking insert_only/j3/skew1.2/100: Analyzing
insert_only/j3/skew1.2/100
                        time:   [22.434 ms 22.507 ms 22.607 ms]
                        thrpt:  [44.234 Melem/s 44.431 Melem/s 44.575 Melem/s]
                 change:
                        time:   [+7.6374% +8.5734% +9.6340%] (p = 0.00 < 0.05)
                        thrpt:  [−8.7874% −7.8964% −7.0955%]
                        Performance has regressed.
Found 1 outliers among 20 measurements (5.00%)
  1 (5.00%) high severe
Benchmarking insert_only/orig/skew1.2/1000
Benchmarking insert_only/orig/skew1.2/1000: Warming up for 500.00 ms

Warning: Unable to complete 20 samples in 3.0s. You may wish to increase target time to 3.7s, enable flat sampling, or reduce sample count to 10.
Benchmarking insert_only/orig/skew1.2/1000: Collecting 20 samples in estimated 3.7309 s (210 iterations)
Benchmarking insert_only/orig/skew1.2/1000: Analyzing
insert_only/orig/skew1.2/1000
                        time:   [17.139 ms 17.256 ms 17.419 ms]
                        thrpt:  [57.407 Melem/s 57.952 Melem/s 58.348 Melem/s]
                 change:
                        time:   [−1.0921% −0.0961% +0.9852%] (p = 0.85 > 0.05)
                        thrpt:  [−0.9756% +0.0962% +1.1042%]
                        No change in performance detected.
Benchmarking insert_only/v3/skew1.2/1000
Benchmarking insert_only/v3/skew1.2/1000: Warming up for 500.00 ms

Warning: Unable to complete 20 samples in 3.0s. You may wish to increase target time to 4.1s, enable flat sampling, or reduce sample count to 10.
Benchmarking insert_only/v3/skew1.2/1000: Collecting 20 samples in estimated 4.0831 s (210 iterations)
Benchmarking insert_only/v3/skew1.2/1000: Analyzing
insert_only/v3/skew1.2/1000
                        time:   [19.455 ms 19.532 ms 19.600 ms]
                        thrpt:  [51.022 Melem/s 51.198 Melem/s 51.402 Melem/s]
                 change:
                        time:   [−3.7744% −2.9554% −2.0047%] (p = 0.00 < 0.05)
                        thrpt:  [+2.0457% +3.0454% +3.9224%]
                        Performance has improved.
Found 1 outliers among 20 measurements (5.00%)
  1 (5.00%) low mild
Benchmarking insert_only/j3/skew1.2/1000
Benchmarking insert_only/j3/skew1.2/1000: Warming up for 500.00 ms
Benchmarking insert_only/j3/skew1.2/1000: Collecting 20 samples in estimated 3.3483 s (100 iterations)
Benchmarking insert_only/j3/skew1.2/1000: Analyzing
insert_only/j3/skew1.2/1000
                        time:   [32.803 ms 33.026 ms 33.267 ms]
                        thrpt:  [30.059 Melem/s 30.279 Melem/s 30.485 Melem/s]
                 change:
                        time:   [+0.8139% +1.6315% +2.5250%] (p = 0.00 < 0.05)
                        thrpt:  [−2.4628% −1.6053% −0.8073%]
                        Change within noise threshold.
Benchmarking insert_only/orig/skew1.2/10000
Benchmarking insert_only/orig/skew1.2/10000: Warming up for 500.00 ms

Warning: Unable to complete 20 samples in 3.0s. You may wish to increase target time to 3.2s, enable flat sampling, or reduce sample count to 10.
Benchmarking insert_only/orig/skew1.2/10000: Collecting 20 samples in estimated 3.2454 s (210 iterations)
Benchmarking insert_only/orig/skew1.2/10000: Analyzing
insert_only/orig/skew1.2/10000
                        time:   [15.393 ms 15.512 ms 15.690 ms]
                        thrpt:  [63.733 Melem/s 64.464 Melem/s 64.965 Melem/s]
                 change:
                        time:   [−1.6482% −0.4962% +0.6135%] (p = 0.43 > 0.05)
                        thrpt:  [−0.6098% +0.4987% +1.6759%]
                        No change in performance detected.
Found 3 outliers among 20 measurements (15.00%)
  1 (5.00%) low mild
  1 (5.00%) high mild
  1 (5.00%) high severe
Benchmarking insert_only/v3/skew1.2/10000
Benchmarking insert_only/v3/skew1.2/10000: Warming up for 500.00 ms

Warning: Unable to complete 20 samples in 3.0s. You may wish to increase target time to 3.6s, enable flat sampling, or reduce sample count to 10.
Benchmarking insert_only/v3/skew1.2/10000: Collecting 20 samples in estimated 3.6131 s (210 iterations)
Benchmarking insert_only/v3/skew1.2/10000: Analyzing
insert_only/v3/skew1.2/10000
                        time:   [17.316 ms 17.473 ms 17.701 ms]
                        thrpt:  [56.492 Melem/s 57.232 Melem/s 57.751 Melem/s]
                 change:
                        time:   [+0.5923% +3.1601% +6.1303%] (p = 0.02 < 0.05)
                        thrpt:  [−5.7762% −3.0633% −0.5889%]
                        Change within noise threshold.
Found 5 outliers among 20 measurements (25.00%)
  2 (10.00%) low mild
  3 (15.00%) high severe
Benchmarking insert_only/j3/skew1.2/10000
Benchmarking insert_only/j3/skew1.2/10000: Warming up for 500.00 ms
Benchmarking insert_only/j3/skew1.2/10000: Collecting 20 samples in estimated 4.1329 s (40 iterations)
Benchmarking insert_only/j3/skew1.2/10000: Analyzing
insert_only/j3/skew1.2/10000
                        time:   [103.48 ms 103.93 ms 104.50 ms]
                        thrpt:  [9.5689 Melem/s 9.6216 Melem/s 9.6634 Melem/s]
                 change:
                        time:   [−14.469% −13.545% −12.666%] (p = 0.00 < 0.05)
                        thrpt:  [+14.503% +15.668% +16.917%]
                        Performance has improved.
Found 2 outliers among 20 measurements (10.00%)
  1 (5.00%) high mild
  1 (5.00%) high severe

